2026-04-29 13:22:26  INFO      test — Test INFO message
2026-04-29 13:22:26  ERROR     test — Test ERROR message
2026-04-29 13:22:26  WARNING   test — Test WARNING message
2026-04-29 13:22:36  INFO      core.project_manager — Project created: 'TestProject' at C:\Users\AITECH~1\AppData\Local\Temp\tmp7x0547_1\TestProject
2026-04-29 13:22:36  INFO      core.project_manager — Project opened: 'TestProject'
2026-04-29 13:22:48  INFO      main — CleanSheet v1.0.0 starting up
2026-04-29 13:22:58  INFO      core.project_manager — Project created: 'TestExport' at C:\Users\AITECH~1\AppData\Local\Temp\tmpfj395eni\TestExport
2026-04-29 13:22:58  INFO      core.mapping_manager — Mapping saved: map_001 → sales.region ↔ regions.name
2026-04-29 13:23:27  ERROR     ui.workers — Background worker error: Simulated background worker failure: file locked by Excel
Traceback (most recent call last):
  File "<string>", line 10, in <module>
    raise ValueError('Simulated background worker failure: file locked by Excel')
ValueError: Simulated background worker failure: file locked by Excel
2026-04-29 13:24:27  INFO      __main__ — CleanSheet v1.0.0 starting up
2026-04-29 13:24:29  INFO      core.project_manager — Project opened: 'Sales Dashboard'
2026-04-29 13:24:29  INFO      core.project_manager — Project opened: 'rest'
2026-04-29 13:24:30  INFO      __main__ — Main window displayed
2026-04-29 13:24:34  INFO      core.project_manager — Project opened: 'Sales Dashboard'
2026-04-29 13:24:50  ERROR     ui.workers — Background worker error: Column 'Region' not found in transaction table 'co'
Traceback (most recent call last):
  File "d:\OneDrive - Global Data 365\mapper app\CleanSheet\ui\workers.py", line 55, in _run
    self._queue.put(("ok", self._fn()))
                           ^^^^^^^^^^
  File "d:\OneDrive - Global Data 365\mapper app\CleanSheet\ui\views\view_mapping.py", line 682, in worker
    errors, total_found = detect_errors(
                          ^^^^^^^^^^^^^^
  File "d:\OneDrive - Global Data 365\mapper app\CleanSheet\core\error_detector.py", line 125, in detect_errors
    raise ValueError(f"Column '{t_col}' not found in transaction table '{t_table}'")
ValueError: Column 'Region' not found in transaction table 'co'
2026-04-29 13:24:57  ERROR     ui.workers — Background worker error: Column 'Region' not found in transaction table 'co'
Traceback (most recent call last):
  File "d:\OneDrive - Global Data 365\mapper app\CleanSheet\ui\workers.py", line 55, in _run
    self._queue.put(("ok", self._fn()))
                           ^^^^^^^^^^
  File "d:\OneDrive - Global Data 365\mapper app\CleanSheet\ui\views\view_mapping.py", line 682, in worker
    errors, total_found = detect_errors(
                          ^^^^^^^^^^^^^^
  File "d:\OneDrive - Global Data 365\mapper app\CleanSheet\core\error_detector.py", line 125, in detect_errors
    raise ValueError(f"Column '{t_col}' not found in transaction table '{t_table}'")
ValueError: Column 'Region' not found in transaction table 'co'
2026-04-29 13:25:04  INFO      core.project_manager — Project opened: 'Sales Dashboard'
2026-04-29 13:25:04  INFO      core.project_manager — Project opened: 'rest'
2026-04-29 13:25:06  INFO      core.project_manager — Project opened: 'Sales Dashboard'
2026-04-29 13:25:07  ERROR     ui.workers — Background worker error: Column 'Region' not found in transaction table 'co'
Traceback (most recent call last):
  File "d:\OneDrive - Global Data 365\mapper app\CleanSheet\ui\workers.py", line 55, in _run
    self._queue.put(("ok", self._fn()))
                           ^^^^^^^^^^
  File "d:\OneDrive - Global Data 365\mapper app\CleanSheet\ui\views\view_mapping.py", line 682, in worker
    errors, total_found = detect_errors(
                          ^^^^^^^^^^^^^^
  File "d:\OneDrive - Global Data 365\mapper app\CleanSheet\core\error_detector.py", line 125, in detect_errors
    raise ValueError(f"Column '{t_col}' not found in transaction table '{t_table}'")
ValueError: Column 'Region' not found in transaction table 'co'
2026-04-29 13:25:29  INFO      core.project_manager — Project opened: 'Sales Dashboard'
2026-04-29 13:25:33  ERROR     ui.workers — Background worker error: Column 'Region' not found in transaction table 'co'
Traceback (most recent call last):
  File "d:\OneDrive - Global Data 365\mapper app\CleanSheet\ui\workers.py", line 55, in _run
    self._queue.put(("ok", self._fn()))
                           ^^^^^^^^^^
  File "d:\OneDrive - Global Data 365\mapper app\CleanSheet\ui\views\view_mapping.py", line 682, in worker
    errors, total_found = detect_errors(
                          ^^^^^^^^^^^^^^
  File "d:\OneDrive - Global Data 365\mapper app\CleanSheet\core\error_detector.py", line 125, in detect_errors
    raise ValueError(f"Column '{t_col}' not found in transaction table '{t_table}'")
ValueError: Column 'Region' not found in transaction table 'co'
